<?xml version="1.0" encoding="UTF-8"?>
<beans xmlns="http://www.springframework.org/schema/beans"
       xmlns:xsi="http://www.w3.org/2001/XMLSchema-instance"
       xsi:schemaLocation="http://www.springframework.org/schema/beans http://www.springframework.org/schema/beans/spring-beans-4.0.xsd">

    <bean id="produceLocation" class="ric.study.demo.ioc.FactoryBeanDemoSet.ProduceLocation">
        <property name="locationName" value="杭州"/>
        <property name="pricePerPerKm" value="151.01"/>
        <property name="distanceKm" value="3.1"/>
    </bean>

    <bean id="material" class="ric.study.demo.ioc.FactoryBeanDemoSet.Material">
        <property name="name" value="巧克力豆"/>
        <property name="pricePerGram" value="100"/>
        <property name="weight" value="50"/>
    </bean>

    <bean id="product" class="ric.study.demo.ioc.FactoryBeanDemoSet.ProductFactoryBean">
        <property name="material" ref="material"/>
        <property name="produceLocation" ref="produceLocation"/>
    </bean>




    <bean id="car" class="ric.study.demo.ioc.FactoryBeanDemoSet.CarFactoryBean" >
        <property name="carInfo" value="超级跑车,400,2000000"/>
    </bean>

    <bean id="simpleBean" class="base.SimpleBean"/>

    <!--<dubbo:reference id="demoService" interface="com.alibaba.dubbo.config.spring.api.DemoService"  />-->
    <!--<bean id="sqlSessionFactory" class="org.mybatis.spring.SqlSessionFactoryBean">-->
        <!--<property name="dataSource" value="***" />-->
        <!--<property name="configLocation" value="***"/>-->
        <!--<property name="mapperLocations" value="***"/>-->
    <!--</bean>-->


</beans>
