<?xml version="1.0" encoding="UTF-8"?>
<beans xmlns="http://www.springframework.org/schema/beans"
       xmlns:xsi="http://www.w3.org/2001/XMLSchema-instance"
       xmlns:aop="http://www.springframework.org/schema/aop"
       xmlns:context="http://www.springframework.org/schema/context"
       xmlns:jee="http://www.springframework.org/schema/jee"
       xmlns:tx="http://www.springframework.org/schema/tx"
       xmlns:task="http://www.springframework.org/schema/task" xmlns:dubbo="http://dubbo.apache.org/schema/dubbo"
       xsi:schemaLocation="http://www.springframework.org/schema/aop http://www.springframework.org/schema/aop/spring-aop-4.0.xsd
        http://www.springframework.org/schema/beans http://www.springframework.org/schema/beans/spring-beans-4.0.xsd
        http://www.springframework.org/schema/context http://www.springframework.org/schema/context/spring-context-4.3.xsd
        http://www.springframework.org/schema/jee http://www.springframework.org/schema/jee/spring-jee-4.0.xsd
        http://www.springframework.org/schema/tx http://www.springframework.org/schema/tx/spring-tx-4.0.xsd
        http://www.springframework.org/schema/task http://www.springframework.org/schema/task/spring-task-4.0.xsd http://dubbo.apache.org/schema/dubbo http://dubbo.apache.org/schema/dubbo/dubbo.xsd">

    <bean id="produceLocation" class="base.ioc.FactoryBeanDemoSet.ProduceLocation">
        <property name="locationName" value="杭州"/>
        <property name="pricePerPerKm" value="151.01"/>
        <property name="distanceKm" value="3.1"/>
    </bean>

    <bean id="material" class="base.ioc.FactoryBeanDemoSet.Material">
        <property name="name" value="巧克力豆"/>
        <property name="pricePerGram" value="100"/>
        <property name="weight" value="50"/>
    </bean>

    <bean id="product" class="base.ioc.FactoryBeanDemoSet.ProductFactoryBean">
        <property name="material" ref="material"/>
        <property name="produceLocation" ref="produceLocation"/>
    </bean>




    <bean id="car" class="base.ioc.FactoryBeanDemoSet.CarFactoryBean" >
        <property name="carInfo" value="超级跑车,400,2000000"/>
    </bean>

    <bean id="simpleBean" class="base.SimpleBean"/>

    <!--<dubbo:reference id="demoService" interface="com.alibaba.dubbo.config.spring.api.DemoService"  />-->
    <!--<bean id="sqlSessionFactory" class="org.mybatis.spring.SqlSessionFactoryBean">-->
        <!--<property name="dataSource" value="***" />-->
        <!--<property name="configLocation" value="***"/>-->
        <!--<property name="mapperLocations" value="***"/>-->
    <!--</bean>-->


</beans>
