<?xml version="1.0" encoding="UTF-8"?>
<beans xmlns="http://www.springframework.org/schema/beans"
       xmlns:xsi="http://www.w3.org/2001/XMLSchema-instance" xmlns:aop="http://www.springframework.org/schema/aop"
       xsi:schemaLocation="http://www.springframework.org/schema/beans http://www.springframework.org/schema/beans/spring-beans.xsd http://www.springframework.org/schema/aop http://www.springframework.org/schema/aop/spring-aop.xsd">


    <bean id="testController" class="ric.study.demo.aop.controller.TestController"/>
    <bean id="testSvc" class="ric.study.demo.aop.svc.TestSvcImpl"/>
    <bean id="testAopBean" class="ric.study.demo.aop.TestAopBean"/>

    <aop:aspectj-autoproxy/>

    <bean class="ric.study.demo.aop.GlobalAopAdvice"/>
    <bean class="ric.study.demo.aop.PointCutConfig"/>
</beans>